<?xml version="1.0" encoding="UTF-8"?>
<!-- Generated by org.testng.reporters.JUnitReportReporter -->
<testsuite hostname="SESHUBABU" name="serializationanddeserialization.deserialization" tests="1" failures="0" timestamp="10 Jun 2023 07:53:43 GMT" time="0.339" errors="0">
  <testcase name="deserializatin" time="0.339" classname="serializationanddeserialization.deserialization"/>
</testsuite> <!-- serializationanddeserialization.deserialization -->
