<?xml version="1.0" encoding="UTF-8"?>
<!-- Generated by org.testng.reporters.JUnitReportReporter -->
<testsuite hostname="SESHUBABU" name="parsingxml.ParsingXml" tests="1" failures="0" timestamp="9 Jun 2023 09:16:08 GMT" time="3.389" errors="0">
  <testcase name="ParsingXmlusingXmlObject" time="3.389" classname="parsingxml.ParsingXml"/>
</testsuite> <!-- parsingxml.ParsingXml -->
