<?xml version="1.0" encoding="UTF-8"?>
<!-- Generated by org.testng.reporters.JUnitReportReporter -->
<testsuite hostname="SESHUBABU" name="HttpRequest" tests="4" failures="0" timestamp="26 Jun 2023 06:59:39 GMT" time="6.373" errors="0">
  <testcase name="PostUser" time="4.418" classname="HttpRequest"/>
  <testcase name="deleteUser" time="0.907" classname="HttpRequest"/>
  <testcase name="updateUser" time="0.656" classname="HttpRequest"/>
  <testcase name="getUser" time="0.392" classname="HttpRequest"/>
</testsuite> <!-- HttpRequest -->
