<?xml version="1.0" encoding="UTF-8"?>
<!-- Generated by org.testng.reporters.JUnitReportReporter -->
<testsuite hostname="SESHUBABU" name="jsonschemavalidator.JsonSchemaValidator" tests="1" failures="0" timestamp="9 Jun 2023 09:50:14 GMT" time="2.607" errors="0">
  <testcase name="validator" time="2.607" classname="jsonschemavalidator.JsonSchemaValidator"/>
</testsuite> <!-- jsonschemavalidator.JsonSchemaValidator -->
