<?xml version="1.0" encoding="UTF-8"?>
<!-- Generated by org.testng.reporters.JUnitReportReporter -->
<testsuite hostname="SESHUBABU" name="qureyandpath.Cookies" tests="2" failures="0" timestamp="8 Jun 2023 10:24:04 GMT" time="3.698" errors="0">
  <testcase name="cookies" time="0.679" classname="qureyandpath.Cookies"/>
  <testcase name="cookie" time="3.019" classname="qureyandpath.Cookies"/>
</testsuite> <!-- qureyandpath.Cookies -->
