<?xml version="1.0" encoding="UTF-8"?>
<!-- Generated by org.testng.reporters.JUnitReportReporter -->
<testsuite hostname="SESHUBABU" name="Authentication.Authentication" tests="3" failures="0" timestamp="10 Jun 2023 10:13:34 GMT" time="6.823" errors="0">
  <testcase name="preemptiveAuthentication" time="1.428" classname="Authentication.Authentication"/>
  <testcase name="digestAuthentication" time="1.533" classname="Authentication.Authentication"/>
  <testcase name="basicAuthentication" time="3.862" classname="Authentication.Authentication"/>
</testsuite> <!-- Authentication.Authentication -->
