<?xml version="1.0" encoding="UTF-8"?>
<!-- Generated by org.testng.reporters.JUnitReportReporter -->
<testsuite hostname="SESHUBABU" name="parsingjson.ParsingJson" tests="5" failures="0" timestamp="9 Jun 2023 04:26:37 GMT" time="11.312" errors="0">
  <testcase name="testJsonResponseBodyData" time="0.513" classname="parsingjson.ParsingJson"/>
  <testcase name="testJsonResponseBodyData" time="5.031" classname="parsingjson.ParsingJson"/>
  <testcase name="testJsonResponseBodyData" time="2.297" classname="parsingjson.ParsingJson"/>
  <testcase name="testJsonResponseBodyData" time="2.137" classname="parsingjson.ParsingJson"/>
  <testcase name="testJsonResponseBodyData" time="1.334" classname="parsingjson.ParsingJson"/>
</testsuite> <!-- parsingjson.ParsingJson -->
