<?xml version="1.0" encoding="UTF-8"?>
<!-- Generated by org.testng.reporters.JUnitReportReporter -->
<testsuite hostname="SESHUBABU" name="httprequest.DiffCreateHttpRequest" tests="2" failures="0" timestamp="8 Jun 2023 07:08:13 GMT" time="3.593" errors="0">
  <testcase name="creatingusingexternaljson" time="3.057" classname="httprequest.DiffCreateHttpRequest"/>
  <testcase name="deleteHashmap" time="0.536" classname="httprequest.DiffCreateHttpRequest"/>
</testsuite> <!-- httprequest.DiffCreateHttpRequest -->
