<?xml version="1.0" encoding="UTF-8"?>
<!-- Generated by org.testng.reporters.JUnitReportReporter -->
<testsuite hostname="SESHUBABU" name="jsonandxmlschemavalidator.XmlSchemaValidation" tests="1" failures="0" timestamp="26 Jun 2023 07:44:58 GMT" time="2.746" errors="0">
  <testcase name="xmlSchemavalidation" time="2.746" classname="jsonandxmlschemavalidator.XmlSchemaValidation"/>
</testsuite> <!-- jsonandxmlschemavalidator.XmlSchemaValidation -->
