<?xml version="1.0" encoding="UTF-8"?>
<!-- Generated by org.testng.reporters.JUnitReportReporter -->
<testsuite hostname="SESHUBABU" name="serializationanddeserialization.Serialization" tests="2" failures="0" timestamp="10 Jun 2023 07:25:25 GMT" time="0.338" errors="0">
  <testcase name="seralizationtwo" time="0.013" classname="serializationanddeserialization.Serialization"/>
  <testcase name="seralization" time="0.325" classname="serializationanddeserialization.Serialization"/>
</testsuite> <!-- serializationanddeserialization.Serialization -->
