<?xml version="1.0" encoding="UTF-8"?>
<!-- Generated by org.testng.reporters.JUnitReportReporter -->
<testsuite hostname="SESHUBABU" name="qureyandpath.HeaderandHeaders" tests="10" failures="0" timestamp="8 Jun 2023 11:00:13 GMT" time="9.622" errors="0">
  <testcase name="Headers" time="0.727" classname="qureyandpath.HeaderandHeaders"/>
  <testcase name="Headers" time="0.696" classname="qureyandpath.HeaderandHeaders"/>
  <testcase name="Headers" time="0.694" classname="qureyandpath.HeaderandHeaders"/>
  <testcase name="Headers" time="0.724" classname="qureyandpath.HeaderandHeaders"/>
  <testcase name="Headers" time="0.684" classname="qureyandpath.HeaderandHeaders"/>
  <testcase name="Headers" time="0.704" classname="qureyandpath.HeaderandHeaders"/>
  <testcase name="Headers" time="2.876" classname="qureyandpath.HeaderandHeaders"/>
  <testcase name="Headers" time="0.709" classname="qureyandpath.HeaderandHeaders"/>
  <testcase name="Headers" time="1.095" classname="qureyandpath.HeaderandHeaders"/>
  <testcase name="Headers" time="0.713" classname="qureyandpath.HeaderandHeaders"/>
</testsuite> <!-- qureyandpath.HeaderandHeaders -->
