<?xml version="1.0" encoding="UTF-8"?>
<!-- Generated by org.testng.reporters.JUnitReportReporter -->
<testsuite hostname="SESHUBABU" name="jsonandxmlschemavalidator.a" tests="1" failures="0" timestamp="10 Jun 2023 06:13:27 GMT" time="2.545" errors="0">
  <testcase name="xmlSchemavalidation" time="2.545" classname="jsonandxmlschemavalidator.a"/>
</testsuite> <!-- jsonandxmlschemavalidator.a -->
