<?xml version="1.0" encoding="UTF-8"?>
<!-- Generated by org.testng.reporters.JUnitReportReporter -->
<testsuite hostname="SESHUBABU" name="jsonandxmlschemavalidator.JSONSchemaValidation" tests="1" failures="0" timestamp="10 Jun 2023 06:18:32 GMT" time="3.203" errors="0">
  <testcase name="jsonschemavalidation" time="3.203" classname="jsonandxmlschemavalidator.JSONSchemaValidation"/>
</testsuite> <!-- jsonandxmlschemavalidator.JSONSchemaValidation -->
