<?xml version="1.0" encoding="UTF-8"?>
<!-- Generated by org.testng.reporters.JUnitReportReporter -->
<testsuite hostname="SESHUBABU" name="qureyandpath.QueryPath" tests="1" failures="0" timestamp="8 Jun 2023 08:42:45 GMT" time="4.209" errors="0">
  <testcase name="qureyandpath" time="4.209" classname="qureyandpath.QueryPath"/>
</testsuite> <!-- qureyandpath.QueryPath -->
